{"C:\\Users\\mkdu1\\Desktop\\web\\server\\src\\use-cases\\submit-feedback-use-case.ts": {"path":"C:\\Users\\mkdu1\\Desktop\\web\\server\\src\\use-cases\\submit-feedback-use-case.ts","all":false,"statementMap":{"0":{"start":{"line":1,"column":0},"end":{"line":1,"column":55}},"1":{"start":{"line":2,"column":0},"end":{"line":2,"column":75}},"2":{"start":{"line":3,"column":0},"end":{"line":3,"column":0}},"3":{"start":{"line":4,"column":0},"end":{"line":4,"column":40}},"4":{"start":{"line":5,"column":0},"end":{"line":5,"column":15}},"5":{"start":{"line":6,"column":0},"end":{"line":6,"column":18}},"6":{"start":{"line":7,"column":0},"end":{"line":7,"column":22}},"7":{"start":{"line":8,"column":0},"end":{"line":8,"column":1}},"8":{"start":{"line":9,"column":0},"end":{"line":9,"column":36}},"9":{"start":{"line":10,"column":0},"end":{"line":10,"column":14}},"10":{"start":{"line":11,"column":0},"end":{"line":11,"column":53}},"11":{"start":{"line":12,"column":0},"end":{"line":12,"column":37}},"12":{"start":{"line":13,"column":0},"end":{"line":13,"column":7}},"13":{"start":{"line":14,"column":0},"end":{"line":14,"column":56}},"14":{"start":{"line":15,"column":0},"end":{"line":15,"column":50}},"15":{"start":{"line":16,"column":0},"end":{"line":16,"column":0}},"16":{"start":{"line":17,"column":0},"end":{"line":17,"column":16}},"17":{"start":{"line":18,"column":0},"end":{"line":18,"column":43}},"18":{"start":{"line":19,"column":0},"end":{"line":19,"column":5}},"19":{"start":{"line":20,"column":0},"end":{"line":20,"column":0}},"20":{"start":{"line":21,"column":0},"end":{"line":21,"column":19}},"21":{"start":{"line":22,"column":0},"end":{"line":22,"column":43}},"22":{"start":{"line":23,"column":0},"end":{"line":23,"column":5}},"23":{"start":{"line":24,"column":0},"end":{"line":24,"column":0}},"24":{"start":{"line":25,"column":0},"end":{"line":25,"column":71}},"25":{"start":{"line":26,"column":0},"end":{"line":26,"column":51}},"26":{"start":{"line":27,"column":0},"end":{"line":27,"column":0}},"27":{"start":{"line":28,"column":0},"end":{"line":28,"column":5}},"28":{"start":{"line":29,"column":0},"end":{"line":29,"column":0}},"29":{"start":{"line":30,"column":0},"end":{"line":30,"column":43}},"30":{"start":{"line":31,"column":0},"end":{"line":31,"column":11}},"31":{"start":{"line":32,"column":0},"end":{"line":32,"column":14}},"32":{"start":{"line":33,"column":0},"end":{"line":33,"column":17}},"33":{"start":{"line":34,"column":0},"end":{"line":34,"column":6}},"34":{"start":{"line":35,"column":0},"end":{"line":35,"column":0}},"35":{"start":{"line":36,"column":0},"end":{"line":36,"column":37}},"36":{"start":{"line":37,"column":0},"end":{"line":37,"column":31}},"37":{"start":{"line":38,"column":0},"end":{"line":38,"column":13}},"38":{"start":{"line":39,"column":0},"end":{"line":39,"column":79}},"39":{"start":{"line":40,"column":0},"end":{"line":40,"column":43}},"40":{"start":{"line":41,"column":0},"end":{"line":41,"column":40}},"41":{"start":{"line":42,"column":0},"end":{"line":42,"column":16}},"42":{"start":{"line":43,"column":0},"end":{"line":43,"column":18}},"43":{"start":{"line":44,"column":0},"end":{"line":44,"column":6}},"44":{"start":{"line":45,"column":0},"end":{"line":45,"column":3}},"45":{"start":{"line":46,"column":0},"end":{"line":46,"column":1}}},"s":{"0":1,"1":1,"2":1,"3":1,"4":1,"5":1,"6":1,"7":1,"8":1,"9":1,"10":1,"11":1,"12":1,"13":1,"14":2,"15":2,"16":2,"17":1,"18":1,"19":1,"20":2,"21":0,"22":0,"23":1,"24":2,"25":0,"26":0,"27":0,"28":1,"29":1,"30":1,"31":1,"32":1,"33":1,"34":1,"35":1,"36":1,"37":1,"38":1,"39":1,"40":1,"41":1,"42":1,"43":1,"44":1,"45":1},"branchMap":{"0":{"type":"branch","line":14,"loc":{"start":{"line":14,"column":2},"end":{"line":45,"column":3}},"locations":[{"start":{"line":14,"column":2},"end":{"line":45,"column":3}}]},"1":{"type":"branch","line":17,"loc":{"start":{"line":17,"column":15},"end":{"line":21,"column":18}},"locations":[{"start":{"line":17,"column":15},"end":{"line":21,"column":18}}]},"2":{"type":"branch","line":21,"loc":{"start":{"line":21,"column":18},"end":{"line":23,"column":5}},"locations":[{"start":{"line":21,"column":18},"end":{"line":23,"column":5}}]},"3":{"type":"branch","line":24,"loc":{"start":{"line":24,"column":-2},"end":{"line":25,"column":68}},"locations":[{"start":{"line":24,"column":-2},"end":{"line":25,"column":68}}]},"4":{"type":"branch","line":25,"loc":{"start":{"line":25,"column":70},"end":{"line":28,"column":5}},"locations":[{"start":{"line":25,"column":70},"end":{"line":28,"column":5}}]},"5":{"type":"branch","line":29,"loc":{"start":{"line":29,"column":-2},"end":{"line":45,"column":3}},"locations":[{"start":{"line":29,"column":-2},"end":{"line":45,"column":3}}]},"6":{"type":"branch","line":10,"loc":{"start":{"line":10,"column":2},"end":{"line":13,"column":7}},"locations":[{"start":{"line":10,"column":2},"end":{"line":13,"column":7}}]}},"b":{"0":[2],"1":[1],"2":[0],"3":[1],"4":[0],"5":[1],"6":[1]},"fnMap":{"0":{"name":"execute","decl":{"start":{"line":14,"column":2},"end":{"line":45,"column":3}},"loc":{"start":{"line":14,"column":2},"end":{"line":45,"column":3}},"line":14},"1":{"name":"SubmitFeedbackUseCase","decl":{"start":{"line":10,"column":2},"end":{"line":13,"column":7}},"loc":{"start":{"line":10,"column":2},"end":{"line":13,"column":7}},"line":10}},"f":{"0":2,"1":1}}
}
