TN:
SF:src\use-cases\submit-feedback-use-case.ts
FN:14,execute
FN:10,SubmitFeedbackUseCase
FNF:2
FNH:2
FNDA:2,execute
FNDA:1,SubmitFeedbackUseCase
DA:1,1
DA:2,1
DA:3,1
DA:4,1
DA:5,1
DA:6,1
DA:7,1
DA:8,1
DA:9,1
DA:10,1
DA:11,1
DA:12,1
DA:13,1
DA:14,1
DA:15,2
DA:16,2
DA:17,2
DA:18,1
DA:19,1
DA:20,1
DA:21,2
DA:22,0
DA:23,0
DA:24,1
DA:25,2
DA:26,0
DA:27,0
DA:28,0
DA:29,1
DA:30,1
DA:31,1
DA:32,1
DA:33,1
DA:34,1
DA:35,1
DA:36,1
DA:37,1
DA:38,1
DA:39,1
DA:40,1
DA:41,1
DA:42,1
DA:43,1
DA:44,1
DA:45,1
DA:46,1
LF:46
LH:41
BRDA:14,0,0,2
BRDA:17,1,0,1
BRDA:21,2,0,0
BRDA:24,3,0,1
BRDA:25,4,0,0
BRDA:29,5,0,1
BRDA:10,6,0,1
BRF:7
BRH:5
end_of_record
